生成启动时间为 2015/11/26 15:47:41。
     1>项目“D:\project_VC\mosquitto\mosquitto-linux\WIN32-build\INSTALL.vcxproj”在节点 2 上(build 个目标)。
     1>InitializeBuildStatus:
         正在创建“Win32\Release\INSTALL\INSTALL.unsuccessfulbuild”，因为已指定“AlwaysCreate”。
       PostBuildEvent:
         setlocal
         "C:\Program Files (x86)\CMake\bin\cmake.exe" -DBUILD_TYPE=Release -P cmake_install.cmake
         if %errorlevel% neq 0 goto :cmEnd
         :cmEnd
         endlocal & call :cmErrorLevel %errorlevel% & goto :cmDone
         :cmErrorLevel
         exit /b %1
         :cmDone
         if %errorlevel% neq 0 goto :VCEnd
         :VCEnd
         -- Install configuration: "Release"
         -- Installing: C:/Program Files (x86)/mosquitto/./mosquitto.conf
         CMake Error at cmake_install.cmake:31 (file):
           file INSTALL cannot copy file
           "D:/project_VC/mosquitto/mosquitto-linux/mosquitto.conf" to "C:/Program
           Files (x86)/mosquitto/./mosquitto.conf".
         
         
     1>C:\Program Files (x86)\MSBuild\Microsoft.Cpp\v4.0\Microsoft.CppCommon.targets(113,5): error MSB3073: 命令“setlocal
C:\Program Files (x86)\MSBuild\Microsoft.Cpp\v4.0\Microsoft.CppCommon.targets(113,5): error MSB3073: "C:\Program Files (x86)\CMake\bin\cmake.exe" -DBUILD_TYPE=Release -P cmake_install.cmake
C:\Program Files (x86)\MSBuild\Microsoft.Cpp\v4.0\Microsoft.CppCommon.targets(113,5): error MSB3073: if %errorlevel% neq 0 goto :cmEnd
C:\Program Files (x86)\MSBuild\Microsoft.Cpp\v4.0\Microsoft.CppCommon.targets(113,5): error MSB3073: :cmEnd
C:\Program Files (x86)\MSBuild\Microsoft.Cpp\v4.0\Microsoft.CppCommon.targets(113,5): error MSB3073: endlocal & call :cmErrorLevel %errorlevel% & goto :cmDone
C:\Program Files (x86)\MSBuild\Microsoft.Cpp\v4.0\Microsoft.CppCommon.targets(113,5): error MSB3073: :cmErrorLevel
C:\Program Files (x86)\MSBuild\Microsoft.Cpp\v4.0\Microsoft.CppCommon.targets(113,5): error MSB3073: exit /b %1
C:\Program Files (x86)\MSBuild\Microsoft.Cpp\v4.0\Microsoft.CppCommon.targets(113,5): error MSB3073: :cmDone
C:\Program Files (x86)\MSBuild\Microsoft.Cpp\v4.0\Microsoft.CppCommon.targets(113,5): error MSB3073: if %errorlevel% neq 0 goto :VCEnd
C:\Program Files (x86)\MSBuild\Microsoft.Cpp\v4.0\Microsoft.CppCommon.targets(113,5): error MSB3073: :VCEnd”已退出，代码为 1。
     1>已完成生成项目“D:\project_VC\mosquitto\mosquitto-linux\WIN32-build\INSTALL.vcxproj”(build 个目标)的操作 - 失败。

生成失败。

已用时间 00:00:00.29
