D:\PROJECT_VC\MOSQUITTO\MOSQUITTO-LINUX\WIN32-BUILD\LIB\CPP\CMAKEFILES\GENERATE.STAMP
D:\PROJECT_VC\MOSQUITTO\MOSQUITTO-LINUX\WIN32-BUILD\LIB\CPP\MINSIZEREL\MOSQUITTOPP.DLL
D:\project_VC\mosquitto\mosquitto-linux\WIN32-build\lib\cpp\MinSizeRel\mosquittopp.exp
D:\project_VC\mosquitto\mosquitto-linux\WIN32-build\lib\cpp\MinSizeRel\mosquittopp.lib
D:\project_VC\mosquitto\mosquitto-linux\WIN32-build\lib\cpp\mosquittopp.dir\MinSizeRel\cl.command.1.tlog
D:\project_VC\mosquitto\mosquitto-linux\WIN32-build\lib\cpp\mosquittopp.dir\MinSizeRel\CL.read.1.tlog
D:\project_VC\mosquitto\mosquitto-linux\WIN32-build\lib\cpp\mosquittopp.dir\MinSizeRel\CL.write.1.tlog
D:\project_VC\mosquitto\mosquitto-linux\WIN32-build\lib\cpp\mosquittopp.dir\MinSizeRel\custombuild.command.1.tlog
D:\project_VC\mosquitto\mosquitto-linux\WIN32-build\lib\cpp\mosquittopp.dir\MinSizeRel\custombuild.read.1.tlog
D:\project_VC\mosquitto\mosquitto-linux\WIN32-build\lib\cpp\mosquittopp.dir\MinSizeRel\custombuild.write.1.tlog
D:\project_VC\mosquitto\mosquitto-linux\WIN32-build\lib\cpp\mosquittopp.dir\MinSizeRel\link.command.1.tlog
D:\project_VC\mosquitto\mosquitto-linux\WIN32-build\lib\cpp\mosquittopp.dir\MinSizeRel\link.read.1.tlog
D:\project_VC\mosquitto\mosquitto-linux\WIN32-build\lib\cpp\mosquittopp.dir\MinSizeRel\link.write.1.tlog
D:\PROJECT_VC\MOSQUITTO\MOSQUITTO-LINUX\WIN32-BUILD\LIB\CPP\MOSQUITTOPP.DIR\MINSIZEREL\MOSQUITTOPP.DLL.INTERMEDIATE.MANIFEST
D:\PROJECT_VC\MOSQUITTO\MOSQUITTO-LINUX\WIN32-BUILD\LIB\CPP\MOSQUITTOPP.DIR\MINSIZEREL\MOSQUITTOPP.OBJ
D:\project_VC\mosquitto\mosquitto-linux\WIN32-build\lib\cpp\mosquittopp.dir\MinSizeRel\mosquittopp.vcxprojResolveAssemblyReference.cache
D:\project_VC\mosquitto\mosquitto-linux\WIN32-build\lib\cpp\mosquittopp.dir\MinSizeRel\mosquittopp.write.1.tlog
D:\project_VC\mosquitto\mosquitto-linux\WIN32-build\lib\cpp\mosquittopp.dir\MinSizeRel\mt.command.1.tlog
D:\project_VC\mosquitto\mosquitto-linux\WIN32-build\lib\cpp\mosquittopp.dir\MinSizeRel\mt.read.1.tlog
D:\project_VC\mosquitto\mosquitto-linux\WIN32-build\lib\cpp\mosquittopp.dir\MinSizeRel\mt.write.1.tlog
D:\PROJECT_VC\MOSQUITTO\MOSQUITTO-LINUX\WIN32-BUILD\OUT\MOSQUITTOPP.DLL
