D:\PROJECT_VC\MOSQUITTO\MOSQUITTO-LINUX\WIN32-BUILD\LIB\CMAKEFILES\GENERATE.STAMP
D:\project_VC\mosquitto\mosquitto-linux\WIN32-build\lib\libmosquitto.dir\MinSizeRel\cl.command.1.tlog
D:\project_VC\mosquitto\mosquitto-linux\WIN32-build\lib\libmosquitto.dir\MinSizeRel\CL.read.1.tlog
D:\project_VC\mosquitto\mosquitto-linux\WIN32-build\lib\libmosquitto.dir\MinSizeRel\CL.write.1.tlog
D:\project_VC\mosquitto\mosquitto-linux\WIN32-build\lib\libmosquitto.dir\MinSizeRel\custombuild.command.1.tlog
D:\project_VC\mosquitto\mosquitto-linux\WIN32-build\lib\libmosquitto.dir\MinSizeRel\custombuild.read.1.tlog
D:\project_VC\mosquitto\mosquitto-linux\WIN32-build\lib\libmosquitto.dir\MinSizeRel\custombuild.write.1.tlog
D:\project_VC\mosquitto\mosquitto-linux\WIN32-build\lib\libmosquitto.dir\MinSizeRel\libmosquitto.write.1.tlog
D:\project_VC\mosquitto\mosquitto-linux\WIN32-build\lib\libmosquitto.dir\MinSizeRel\link.command.1.tlog
D:\project_VC\mosquitto\mosquitto-linux\WIN32-build\lib\libmosquitto.dir\MinSizeRel\link.read.1.tlog
D:\project_VC\mosquitto\mosquitto-linux\WIN32-build\lib\libmosquitto.dir\MinSizeRel\link.write.1.tlog
D:\PROJECT_VC\MOSQUITTO\MOSQUITTO-LINUX\WIN32-BUILD\LIB\LIBMOSQUITTO.DIR\MINSIZEREL\LOGGING_MOSQ.OBJ
D:\PROJECT_VC\MOSQUITTO\MOSQUITTO-LINUX\WIN32-BUILD\LIB\LIBMOSQUITTO.DIR\MINSIZEREL\MEMORY_MOSQ.OBJ
D:\PROJECT_VC\MOSQUITTO\MOSQUITTO-LINUX\WIN32-BUILD\LIB\LIBMOSQUITTO.DIR\MINSIZEREL\MESSAGES_MOSQ.OBJ
D:\PROJECT_VC\MOSQUITTO\MOSQUITTO-LINUX\WIN32-BUILD\LIB\LIBMOSQUITTO.DIR\MINSIZEREL\MOSQUITTO.DLL.INTERMEDIATE.MANIFEST
D:\PROJECT_VC\MOSQUITTO\MOSQUITTO-LINUX\WIN32-BUILD\LIB\LIBMOSQUITTO.DIR\MINSIZEREL\MOSQUITTO.OBJ
D:\project_VC\mosquitto\mosquitto-linux\WIN32-build\lib\libmosquitto.dir\MinSizeRel\mt.command.1.tlog
D:\project_VC\mosquitto\mosquitto-linux\WIN32-build\lib\libmosquitto.dir\MinSizeRel\mt.read.1.tlog
D:\project_VC\mosquitto\mosquitto-linux\WIN32-build\lib\libmosquitto.dir\MinSizeRel\mt.write.1.tlog
D:\PROJECT_VC\MOSQUITTO\MOSQUITTO-LINUX\WIN32-BUILD\LIB\LIBMOSQUITTO.DIR\MINSIZEREL\NET_MOSQ.OBJ
D:\PROJECT_VC\MOSQUITTO\MOSQUITTO-LINUX\WIN32-BUILD\LIB\LIBMOSQUITTO.DIR\MINSIZEREL\READ_HANDLE.OBJ
D:\PROJECT_VC\MOSQUITTO\MOSQUITTO-LINUX\WIN32-BUILD\LIB\LIBMOSQUITTO.DIR\MINSIZEREL\READ_HANDLE_CLIENT.OBJ
D:\PROJECT_VC\MOSQUITTO\MOSQUITTO-LINUX\WIN32-BUILD\LIB\LIBMOSQUITTO.DIR\MINSIZEREL\READ_HANDLE_SHARED.OBJ
D:\PROJECT_VC\MOSQUITTO\MOSQUITTO-LINUX\WIN32-BUILD\LIB\LIBMOSQUITTO.DIR\MINSIZEREL\SEND_CLIENT_MOSQ.OBJ
D:\PROJECT_VC\MOSQUITTO\MOSQUITTO-LINUX\WIN32-BUILD\LIB\LIBMOSQUITTO.DIR\MINSIZEREL\SEND_MOSQ.OBJ
D:\PROJECT_VC\MOSQUITTO\MOSQUITTO-LINUX\WIN32-BUILD\LIB\LIBMOSQUITTO.DIR\MINSIZEREL\SOCKS_MOSQ.OBJ
D:\PROJECT_VC\MOSQUITTO\MOSQUITTO-LINUX\WIN32-BUILD\LIB\LIBMOSQUITTO.DIR\MINSIZEREL\SRV_MOSQ.OBJ
D:\PROJECT_VC\MOSQUITTO\MOSQUITTO-LINUX\WIN32-BUILD\LIB\LIBMOSQUITTO.DIR\MINSIZEREL\THREAD_MOSQ.OBJ
D:\PROJECT_VC\MOSQUITTO\MOSQUITTO-LINUX\WIN32-BUILD\LIB\LIBMOSQUITTO.DIR\MINSIZEREL\TIME_MOSQ.OBJ
D:\PROJECT_VC\MOSQUITTO\MOSQUITTO-LINUX\WIN32-BUILD\LIB\LIBMOSQUITTO.DIR\MINSIZEREL\TLS_MOSQ.OBJ
D:\PROJECT_VC\MOSQUITTO\MOSQUITTO-LINUX\WIN32-BUILD\LIB\LIBMOSQUITTO.DIR\MINSIZEREL\UTIL_MOSQ.OBJ
D:\PROJECT_VC\MOSQUITTO\MOSQUITTO-LINUX\WIN32-BUILD\LIB\LIBMOSQUITTO.DIR\MINSIZEREL\WILL_MOSQ.OBJ
D:\project_VC\mosquitto\mosquitto-linux\WIN32-build\lib\MinSizeRel\mosquitto.exp
D:\project_VC\mosquitto\mosquitto-linux\WIN32-build\lib\MinSizeRel\mosquitto.lib
D:\PROJECT_VC\MOSQUITTO\MOSQUITTO-LINUX\WIN32-BUILD\OUT\MOSQUITTO.DLL
