生成启动时间为 2015/11/26 15:57:05。
     1>项目“D:\project_VC\mosquitto\mosquitto-linux\WIN32-build\ZERO_CHECK.vcxproj”在节点 2 上(rebuild 个目标)。
     1>_PrepareForClean:
         正在删除文件“Win32\Release\ZERO_CHECK\ZERO_CHECK.lastbuildstate”。
       InitializeBuildStatus:
         正在创建“Win32\Release\ZERO_CHECK\ZERO_CHECK.unsuccessfulbuild”，因为已指定“AlwaysCreate”。
       CustomBuild:
         Checking Build System
         CMake does not need to re-run because D:/project_VC/mosquitto/mosquitto-linux/WIN32-build/CMakeFiles/generate.stamp is up-to-date.
         CMake does not need to re-run because D:/project_VC/mosquitto/mosquitto-linux/WIN32-build/lib/CMakeFiles/generate.stamp is up-to-date.
         CMake does not need to re-run because D:/project_VC/mosquitto/mosquitto-linux/WIN32-build/lib/cpp/CMakeFiles/generate.stamp is up-to-date.
         CMake does not need to re-run because D:/project_VC/mosquitto/mosquitto-linux/WIN32-build/client/CMakeFiles/generate.stamp is up-to-date.
         CMake does not need to re-run because D:/project_VC/mosquitto/mosquitto-linux/WIN32-build/src/CMakeFiles/generate.stamp is up-to-date.
         CMake does not need to re-run because D:/project_VC/mosquitto/mosquitto-linux/WIN32-build/man/CMakeFiles/generate.stamp is up-to-date.
       FinalizeBuildStatus:
         正在删除文件“Win32\Release\ZERO_CHECK\ZERO_CHECK.unsuccessfulbuild”。
         正在对“Win32\Release\ZERO_CHECK\ZERO_CHECK.lastbuildstate”执行 Touch 任务。
     1>已完成生成项目“D:\project_VC\mosquitto\mosquitto-linux\WIN32-build\ZERO_CHECK.vcxproj”(rebuild 个目标)的操作。

生成成功。

已用时间 00:00:00.06
