生成启动时间为 2015/11/26 15:56:56。
     1>项目“D:\project_VC\mosquitto\mosquitto-linux\WIN32-build\client\mosquitto_pub.vcxproj”在节点 2 上(rebuild 个目标)。
     1>_PrepareForClean:
         正在删除文件“mosquitto_pub.dir\Release\mosquitto_pub.lastbuildstate”。
       InitializeBuildStatus:
         正在创建“mosquitto_pub.dir\Release\mosquitto_pub.unsuccessfulbuild”，因为已指定“AlwaysCreate”。
       CustomBuild:
         Building Custom Rule D:/project_VC/mosquitto/mosquitto-linux/client/CMakeLists.txt
         CMake does not need to re-run because D:\project_VC\mosquitto\mosquitto-linux\WIN32-build\client\CMakeFiles\generate.stamp is up-to-date.
       ClCompile:
         C:\Program Files (x86)\Microsoft Visual Studio 10.0\VC\bin\CL.exe /c /I"D:\project_VC\mosquitto\mosquitto-linux\lib" /nologo /W3 /WX- /O2 /Ob2 /Oy- /D WIN32 /D _WINDOWS /D NDEBUG /D CMAKE /D "VERSION=\"1.4.4\"" /D "TIMESTAMP=\"2015/11/26 15:53:49.31\"" /D _CRT_SECURE_NO_WARNINGS /D _CRT_NONSTDC_NO_DEPRECATE /D WITH_SOCKS /D "CMAKE_INTDIR=\"Release\"" /D _MBCS /Gm- /MD /GS /fp:precise /Zc:wchar_t /Zc:forScope /Fo"mosquitto_pub.dir\Release\\" /Fd"mosquitto_pub.dir\Release\vc100.pdb" /Gd /TC /analyze- /errorReport:prompt ..\..\client\pub_client.c ..\..\client\client_shared.c
         pub_client.c
         client_shared.c
     1>..\..\client\client_shared.c(838): warning C4018: “<”: 有符号/无符号不匹配
         正在生成代码...
       Link:
         C:\Program Files (x86)\Microsoft Visual Studio 10.0\VC\bin\link.exe /ERRORREPORT:PROMPT /OUT:"D:\project_VC\mosquitto\mosquitto-linux\WIN32-build\client\Release\mosquitto_pub.exe" /INCREMENTAL:NO /NOLOGO /LIBPATH:"D:/project_VC/mosquitto/mosquitto-linux/WIN32-build/lib" /LIBPATH:"D:/project_VC/mosquitto/mosquitto-linux/WIN32-build/lib/Release" kernel32.lib user32.lib gdi32.lib winspool.lib shell32.lib ole32.lib oleaut32.lib uuid.lib comdlg32.lib advapi32.lib ..\lib\Release\mosquitto.lib ws2_32.lib /MANIFEST /ManifestFile:"mosquitto_pub.dir\Release\mosquitto_pub.exe.intermediate.manifest" /MANIFESTUAC:"level='asInvoker' uiAccess='false'" /PDB:"D:/project_VC/mosquitto/mosquitto-linux/WIN32-build/client/Release/mosquitto_pub.pdb" /SUBSYSTEM:CONSOLE /TLBID:1 /DYNAMICBASE /NXCOMPAT /IMPLIB:"D:/project_VC/mosquitto/mosquitto-linux/WIN32-build/client/Release/mosquitto_pub.lib" /MACHINE:X86 mosquitto_pub.dir\Release\pub_client.obj
         mosquitto_pub.dir\Release\client_shared.obj  /machine:X86 
         mosquitto_pub.vcxproj -> D:\project_VC\mosquitto\mosquitto-linux\WIN32-build\client\Release\mosquitto_pub.exe
       Manifest:
         C:\Program Files (x86)\Microsoft SDKs\Windows\v7.0A\bin\mt.exe /nologo /verbose /outputresource:"D:\project_VC\mosquitto\mosquitto-linux\WIN32-build\client\Release\mosquitto_pub.exe;#1" /manifest mosquitto_pub.dir\Release\mosquitto_pub.exe.intermediate.manifest
       FinalizeBuildStatus:
         正在删除文件“mosquitto_pub.dir\Release\mosquitto_pub.unsuccessfulbuild”。
         正在对“mosquitto_pub.dir\Release\mosquitto_pub.lastbuildstate”执行 Touch 任务。
     1>已完成生成项目“D:\project_VC\mosquitto\mosquitto-linux\WIN32-build\client\mosquitto_pub.vcxproj”(rebuild 个目标)的操作。

生成成功。

已用时间 00:00:00.74
